<?xml version='1.0' encoding='UTF-8'?>
<testsuite name="JUnit Vintage" tests="2" skipped="0" failures="0" errors="0" time="13.025" hostname="0baa9dfd6d5b" timestamp="2020-06-03T10:28:09">
<properties>
<property name="EmbeddedServerRule.loadAllCartridges" value="true"/>
<property name="UnitTestCase.allowServerRestart" value="false"/>
<property name="awt.toolkit" value="sun.awt.X11.XToolkit"/>
<property name="axis.EngineConfigFactory" value="com.intershop.beehive.core.internal.webservice.configuration.DefaultEngineConfigurationFactory"/>
<property name="cartridges.startup" value="ac_solr_cloud_test ac_solr_cloud ac_solr_cloud_test ac_solr_cloud"/>
<property name="file.encoding" value="UTF-8"/>
<property name="file.encoding.pkg" value="sun.io"/>
<property name="file.separator" value="/"/>
<property name="intershop.LocalConfig" value="/intershop/conf/cluster.properties"/>
<property name="intershop.ServerConfig" value="/intershop/serverdir.properties"/>
<property name="intershop.VersionInfo" value="/intershop/system-conf/cluster/version.properties"/>
<property name="intershop.classloader.add.tests" value="true"/>
<property name="java.awt.graphicsenv" value="sun.awt.X11GraphicsEnvironment"/>
<property name="java.awt.printerjob" value="sun.print.PSPrinterJob"/>
<property name="java.class.path" value="/intershop/cartridges/runtime/release/lib/ish-runtime.jar:/opt/java/openjdk/lib/tools.jar:/intershop/system-conf/cluster:/intershop/testrunner/lib/runtime-7.11.0.0-dev11.jar:/intershop/testrunner/lib/picocli-4.0.4.jar:/intershop/testrunner/lib/junit-platform-launcher-1.5.2.jar:/intershop/testrunner/lib/junit-4.13.jar:/intershop/testrunner/lib/junit-platform-commons-1.5.2.jar:/intershop/testrunner/lib/slf4j-api-1.7.22.jar:/intershop/testrunner/lib/junit-platform-engine-1.5.2.jar:/intershop/testrunner/lib/testrunner-2.1.0.jar:/intershop/testrunner/lib/opentest4j-1.2.0.jar:/intershop/testrunner/lib/hamcrest-core-1.3.jar:/intershop/testrunner/lib/apiguardian-api-1.1.0.jar:/intershop/testrunner/lib/junit-platform-reporting-1.5.2.jar:/intershop/lib/org.keycloak-keycloak-adapter-core-8.0.1.jar:/intershop/lib/com.jcraft-jsch-0.1.54.jar:/intershop/lib/com.fasterxml-classmate-1.3.1.jar:/intershop/lib/com.fasterxml.jackson.datatype-jackson-datatype-jsr310-2.9.10.jar:/intershop/lib/com.netflix.archaius-archaius-core-0.7.5.jar:/intershop/lib/org.eclipse.platform-org.eclipse.equinox.common-3.8.0.jar:/intershop/lib/net.sf.jtidy-jtidy-r938.jar:/intershop/lib/org.glassfish.jersey.core-jersey-client-2.25.1.jar:/intershop/lib/ch.qos.logback-logback-core-1.2.3.jar:/intershop/lib/org.apache.httpcomponents-httpclient-4.5.6.jar:/intershop/lib/org.apache.tomcat-tomcat-util-9.0.19.jar:/intershop/lib/com.amazonaws-aws-java-sdk-sns-1.11.22.jar:/intershop/lib/org.glassfish.jersey.containers-jersey-container-servlet-core-2.25.1.jar:/intershop/lib/org.bouncycastle-bcprov-jdk15on-1.64.jar:/intershop/lib/com.fasterxml.jackson.core-jackson-annotations-2.9.10.jar:/intershop/lib/com.sun.activation-jakarta.activation-1.2.1.jar:/intershop/lib/com.yahoo.platform.yui-yuicompressor-2.4.7.jar:/intershop/lib/org.junit.platform-junit-platform-runner-1.4.0.jar:/intershop/lib/com.amazonaws-aws-java-sdk-sqs-1.11.22.jar:/intershop/lib/org.jfree-jcommon-1.0.23.jar:/intershop/lib/org.keycloak-keycloak-adapter-spi-8.0.1.jar:/intershop/lib/org.apache.axis2-axis2-transport-http-1.7.7.jar:/intershop/lib/javax.servlet-javax.servlet-api-4.0.1.jar:/intershop/lib/org.apache.httpcomponents-httpcore-4.4.10.jar:/intershop/lib/net.logstash.logback-logstash-logback-encoder-5.3.jar:/intershop/lib/javax.annotation-javax.annotation-api-1.3.jar:/intershop/lib/org.apache.neethi-neethi-3.0.3.jar:/intershop/lib/org.codehaus.woodstox-stax2-api-3.1.1.jar:/intershop/lib/de.huxhorn.lilith-de.huxhorn.lilith.data.logging.protobuf-8.2.0.jar:/intershop/lib/io.swagger.core.v3-swagger-jaxrs2-2.0.9.jar:/intershop/lib/de.huxhorn.lilith-de.huxhorn.lilith.logback.appender.multiplex-core-8.2.0.jar:/intershop/lib/org.junit.platform-junit-platform-commons-1.4.0.jar:/intershop/lib/org.kie-kie-api-7.0.0.Beta5.jar:/intershop/lib/io.swagger.core.v3-swagger-annotations-2.0.9.jar:/intershop/lib/org.glassfish.jersey.core-jersey-common-2.25.1.jar:/intershop/lib/org.hibernate-hibernate-validator-5.3.1.Final.jar:/intershop/lib/org.keycloak-keycloak-servlet-filter-adapter-8.0.1.jar:/intershop/lib/org.eclipse.jdt-ecj-3.16.0.jar:/intershop/lib/org.apache.axis-axis-1.4.jar:/intershop/lib/org.apache.rampart-rampart-trust-1.7.0.jar:/intershop/lib/org.junit.platform-junit-platform-launcher-1.4.0.jar:/intershop/lib/com.intershop-common-messaging-1.0.4.jar:/intershop/lib/org.apache.axis2-axis2-transport-local-1.7.7.jar:/intershop/lib/com.intershop-api_service-3.4.1.jar:/intershop/lib/commons-dbcp-commons-dbcp-1.4.jar:/intershop/lib/commons-pool-commons-pool-1.5.4.jar:/intershop/lib/org.apache.geronimo.specs-geronimo-j2ee-management_1.1_spec-1.0.1.jar:/intershop/lib/io.swagger.core.v3-swagger-core-2.0.9.jar:/intershop/lib/org.apache.tomcat-tomcat-servlet-api-9.0.19.jar:/intershop/lib/org.apache.james-apache-mime4j-core-0.8.0.jar:/intershop/lib/org.jdom-jdom2-2.0.6.jar:/intershop/lib/org.drools-drools-compiler-7.0.0.Beta5.jar:/intershop/lib/de.huxhorn.sulky-de.huxhorn.sulky.io-8.2.0.jar:/intershop/lib/org.keycloak-keycloak-common-8.0.1.jar:/intershop/lib/org.glassfish.main.external-ldapbp-repackaged-4.1.1.jar:/intershop/lib/javax.jms-jms-1.1.jar:/intershop/lib/commons-jxpath-commons-jxpath-1.3.jar:/intershop/lib/de.huxhorn.lilith-de.huxhorn.lilith.logback.appender.multiplex-classic-8.2.0.jar:/intershop/lib/com.intershop.common-encryption-2.0.0.jar:/intershop/lib/de.huxhorn.lilith-de.huxhorn.lilith.data.logging-8.2.0.jar:/intershop/lib/com.googlecode.owasp-java-html-sanitizer-owasp-java-html-sanitizer-r136.jar:/intershop/lib/org.apache.tomcat-tomcat-coyote-9.0.19.jar:/intershop/lib/aopalliance-aopalliance-1.0.jar:/intershop/lib/org.apache.axis2-axis2-adb-1.7.7.jar:/intershop/lib/com.oracle.jdbc-ons-12.1.0.2.jar:/intershop/lib/com.microsoft.azure-azure-storage-6.1.0.jar:/intershop/lib/com.netflix.netflix-commons-netflix-eventbus-0.3.0.jar:/intershop/lib/com.google.protobuf-protobuf-java-3.11.1.jar:/intershop/lib/org.apache.tomcat-tomcat-jasper-9.0.19.jar:/intershop/lib/commons-modeler-commons-modeler-2.0.1.jar:/intershop/lib/org.codehaus.woodstox-woodstox-core-asl-4.2.0.jar:/intershop/lib/com.google.j2objc-j2objc-annotations-1.1.jar:/intershop/lib/com.fasterxml.jackson.module-jackson-module-jaxb-annotations-2.9.10.jar:/intershop/lib/io.swagger.core.v3-swagger-models-2.0.9.jar:/intershop/lib/org.kie-kie-internal-7.0.0.Beta5.jar:/intershop/lib/org.apache.tomcat-tomcat-annotations-api-9.0.19.jar:/intershop/lib/com.google.inject.extensions-guice-multibindings-4.2.2.jar:/intershop/lib/javax.activation-activation-1.1.jar:/intershop/lib/com.rometools-rome-utils-1.7.1.jar:/intershop/lib/commons-configuration-commons-configuration-1.8.jar:/intershop/lib/org.junit.jupiter-junit-jupiter-params-5.4.0.jar:/intershop/lib/xmlpull-xmlpull-1.1.3.1.jar:/intershop/lib/org.glassfish.jersey.media-jersey-media-jaxb-2.25.1.jar:/intershop/lib/org.xhtmlrenderer-flying-saucer-pdf-9.1.1.jar:/intershop/lib/org.apiguardian-apiguardian-api-1.0.0.jar:/intershop/lib/org.junit.jupiter-junit-jupiter-engine-5.4.0.jar:/intershop/lib/org.junit.platform-junit-platform-suite-api-1.4.0.jar:/intershop/lib/io.prometheus-simpleclient_hotspot-0.6.0.jar:/intershop/lib/commons-logging-commons-logging-1.2.jar:/intershop/lib/com.fasterxml.jackson.core-jackson-databind-2.9.10.jar:/intershop/lib/de.huxhorn.lilith-de.huxhorn.lilith.data.converter-8.2.0.jar:/intershop/lib/com.sun.jersey-jersey-core-1.19.3.jar:/intershop/lib/wsdl4j-wsdl4j-1.6.3.jar:/intershop/lib/org.eclipse.emf-org.eclipse.emf.ecore-2.12.0.jar:/intershop/lib/org.apache.tomcat-tomcat-jni-9.0.19.jar:/intershop/lib/org.codehaus.janino-commons-compiler-3.0.6.jar:/intershop/lib/com.google.inject-guice-4.2.2.jar:/intershop/lib/com.mycila.guice.extensions-mycila-guice-jsr250-4.0.rc1.jar:/intershop/lib/com.lowagie-itext-2.1.7.jar:/intershop/lib/com.netflix.servo-servo-core-0.12.12.jar:/intershop/lib/org.glassfish.hk2-hk2-locator-2.5.0-b32.jar:/intershop/lib/org.junit.jupiter-junit-jupiter-5.4.0.jar:/intershop/lib/org.xerial.snappy-snappy-java-1.1.1.7.jar:/intershop/lib/org.apache.commons-commons-csv-1.2.jar:/intershop/lib/org.apache.commons-commons-math-2.2.jar:/intershop/lib/org.apache.ant-ant-1.8.4.jar:/intershop/lib/jboss-jnp-client-3.2.1.jar:/intershop/lib/org.javassist-javassist-3.21.0-GA.jar:/intershop/lib/org.apache.ivy-ivy-2.4.0.jar:/intershop/lib/org.junit.jupiter-junit-jupiter-api-5.4.0.jar:/intershop/lib/org.glassfish.hk2-hk2-utils-2.5.0-b32.jar:/intershop/lib/org.eclipse.jdt.core.compiler-ecj-4.6.1.jar:/intershop/lib/org.glassfish.hk2-osgi-resource-locator-1.0.1.jar:/intershop/lib/org.eclipse.emf-org.eclipse.emf.ecore.xmi-2.12.0.jar:/intershop/lib/com.google.errorprone-error_prone_annotations-2.1.3.jar:/intershop/lib/com.oracle.jdbc-ucp-12.1.0.2.jar:/intershop/lib/com.google.errorprone-error_prone_annotations-2.3.1.jar:/intershop/lib/net.bytebuddy-byte-buddy-1.9.10.jar:/intershop/lib/javax.transaction-jta-1.1.jar:/intershop/lib/io.swagger.core.v3-swagger-integration-2.0.9.jar:/intershop/lib/org.ow2.asm-asm-5.2.jar:/intershop/lib/de.huxhorn.sulky-de.huxhorn.sulky.codec-8.2.0.jar:/intershop/lib/commons-io-commons-io-2.5.jar:/intershop/lib/org.apache.tomcat-tomcat-api-9.0.19.jar:/intershop/lib/args4j-args4j-2.0.26.jar:/intershop/lib/com.google.inject.extensions-guice-assistedinject-4.2.2.jar:/intershop/lib/org.apache.commons-commons-pool2-2.4.2.jar:/intershop/lib/de.huxhorn.lilith-de.huxhorn.lilith.data.eventsource-8.2.0.jar:/intershop/lib/org.junit.platform-junit-platform-engine-1.4.0.jar:/intershop/lib/org.apache.commons-commons-dbcp2-2.1.1.jar:/intershop/lib/org.apache.tomcat-tomcat-util-scan-9.0.19.jar:/intershop/lib/org.codehaus.jettison-jettison-1.3.8.jar:/intershop/lib/com.fasterxml.jackson.datatype-jackson-datatype-jdk8-2.9.10.jar:/intershop/lib/org.slf4j-log4j-over-slf4j-1.7.22.jar:/intershop/lib/org.apache.ws.commons.axiom-axiom-api-1.2.20.jar:/intershop/lib/org.keycloak-keycloak-core-8.0.1.jar:/intershop/lib/commons-discovery-commons-discovery-0.5.jar:/intershop/lib/org.eclipse.emf-org.eclipse.emf.common-2.12.0.jar:/intershop/lib/org.apache.ws.security-wss4j-1.6.19.jar:/intershop/lib/com.google.inject.extensions-guice-servlet-4.2.2.jar:/intershop/lib/org.apache.tomcat-tomcat-jsp-api-9.0.19.jar:/intershop/lib/org.hamcrest-hamcrest-core-1.3.jar:/intershop/lib/com.rometools-rome-fetcher-1.7.1.jar:/intershop/lib/org.glassfish.hk2-hk2-api-2.5.0-b32.jar:/intershop/lib/org.apache.tomcat-tomcat-jaspic-api-9.0.19.jar:/intershop/lib/com.fasterxml.jackson.jaxrs-jackson-jaxrs-json-provider-2.9.10.jar:/intershop/lib/junit-junit-4.13.jar:/intershop/lib/org.glassfish.jersey.bundles.repackaged-jersey-guava-2.25.1.jar:/intershop/lib/org.drools-drools-core-7.0.0.Beta5.jar:/intershop/lib/de.huxhorn.lilith-de.huxhorn.lilith.logback.converter-classic-8.2.0.jar:/intershop/lib/commons-httpclient-commons-httpclient-3.1.jar:/intershop/lib/org.apache.kafka-kafka-clients-0.9.0.0.jar:/intershop/lib/org.apache.ws.xmlschema-xmlschema-core-2.2.1.jar:/intershop/lib/org.apache.axis-axis-jaxrpc-1.4.jar:/intershop/lib/com.thoughtworks.xstream-xstream-1.4.11.jar:/intershop/lib/org.jfree-jfreechart-1.0.19.jar:/intershop/lib/com.intershop-api_remote_service-6.0.0.jar:/intershop/lib/joda-time-joda-time-2.9.7.jar:/intershop/lib/org.apache.commons-commons-lang3-3.5.jar:/intershop/lib/org.glassfish.jersey.core-jersey-server-2.25.1.jar:/intershop/lib/com.google.code.gson-gson-2.1.jar:/intershop/lib/io.github.classgraph-classgraph-4.6.32.jar:/intershop/lib/com.github.danielwegener-logback-kafka-appender-0.1.0.jar:/intershop/lib/com.mycila.guice.extensions-mycila-guice-closeable-4.0.rc1.jar:/intershop/lib/net.jpountz.lz4-lz4-1.2.0.jar:/intershop/lib/com.googlecode.json-simple-json-simple-1.1.1.jar:/intershop/lib/org.jboss.logging-jboss-logging-3.3.0.Final.jar:/intershop/lib/org.xhtmlrenderer-flying-saucer-core-9.1.1.jar:/intershop/lib/commons-codec-commons-codec-1.13.jar:/intershop/lib/org.antlr-antlr-runtime-3.5.2.jar:/intershop/lib/org.mvel-mvel2-2.2.8.Final.jar:/intershop/lib/org.apache.tomcat-tomcat-juli-9.0.19.jar:/intershop/lib/com.fasterxml.jackson.jaxrs-jackson-jaxrs-base-2.9.10.jar:/intershop/lib/commons-net-commons-net-3.5.jar:/intershop/lib/com.netflix.netflix-commons-netflix-infix-0.3.0.jar:/intershop/lib/org.bouncycastle-bcpkix-jdk15on-1.60.jar:/intershop/lib/com.sun.jersey.contribs-jersey-apache-client4-1.19.1.jar:/intershop/lib/org.mockito-mockito-core-2.8.47.jar:/intershop/lib/de.huxhorn.lilith-de.huxhorn.lilith.logback.classic-8.2.0.jar:/intershop/lib/org.apache.tomcat-tomcat-el-api-9.0.19.jar:/intershop/lib/org.keycloak-keycloak-servlet-adapter-spi-8.0.1.jar:/intershop/lib/org.apache.ant-ant-launcher-1.10.0.jar:/intershop/lib/com.microsoft.sqlserver-mssql-jdbc-7.2.1.jre8.jar:/intershop/lib/com.google.javascript-closure-compiler-externs-v20190709.jar:/intershop/lib/org.opentest4j-opentest4j-1.1.1.jar:/intershop/lib/com.mycila.guice.extensions-mycila-guice-injection-4.0.rc1.jar:/intershop/lib/jsr94-jsr94-1.1.jar:/intershop/lib/ch.qos.logback-logback-classic-1.2.3.jar:/intershop/lib/commons-fileupload-commons-fileupload-1.4.jar:/intershop/lib/org.apache.axis2-axis2-saaj-1.7.7.jar:/intershop/lib/com.fasterxml.jackson.dataformat-jackson-dataformat-yaml-2.9.9.jar:/intershop/lib/com.oracle.jdbc-ojdbc7-12.1.0.2.jar:/intershop/lib/org.kohsuke.metainf-services-metainf-services-1.7.jar:/intershop/lib/com.google.code.findbugs-jsr305-2.0.1.jar:/intershop/lib/com.rometools-rome-1.7.1.jar:/intershop/lib/com.google.jsinterop-jsinterop-annotations-1.0.0.jar:/intershop/lib/commons-digester-commons-digester-1.4.1.jar:/intershop/lib/com.sun.mail-javax.mail-1.6.2.jar:/intershop/lib/com.microsoft.azure-azure-keyvault-core-0.8.0.jar:/intershop/lib/com.amazonaws-aws-java-sdk-core-1.11.22.jar:/intershop/lib/javax.inject-javax.inject-1.jar:/intershop/lib/com.intershop-common-webinterface-2.0.0.jar:/intershop/lib/commons-beanutils-commons-beanutils-1.9.4.jar:/intershop/lib/de.huxhorn.sulky-de.huxhorn.sulky.formatting-8.2.0.jar:/intershop/lib/io.prometheus-simpleclient_common-0.6.0.jar:/intershop/lib/org.apache.tomcat-tomcat-catalina-9.0.19.jar:/intershop/lib/org.apache.rampart-rampart-policy-1.7.0.jar:/intershop/lib/org.objenesis-objenesis-2.5.jar:/intershop/lib/org.apache.rampart-rampart-core-1.7.0.jar:/intershop/lib/org.apache.axis2-axis2-kernel-1.7.7.jar:/intershop/lib/org.codehaus.janino-janino-3.0.6.jar:/intershop/lib/de.huxhorn.sulky-de.huxhorn.sulky.ulid-8.2.0.jar:/intershop/lib/org.jasypt-jasypt-1.9.2.jar:/intershop/lib/io.prometheus-simpleclient-0.6.0.jar:/intershop/lib/org.codehaus.mojo-animal-sniffer-annotations-1.14.jar:/intershop/lib/javax.rules-com.springsource.javax.rules-1.1.0.jar:/intershop/lib/io.prometheus-simpleclient_servlet-0.6.0.jar:/intershop/lib/com.fasterxml.jackson.dataformat-jackson-dataformat-cbor-2.9.10.jar:/intershop/lib/net.bytebuddy-byte-buddy-agent-1.6.14.jar:/intershop/lib/com.google.guava-guava-24.1-jre.jar:/intershop/lib/javax.ws.rs-javax.ws.rs-api-2.0.1.jar:/intershop/lib/org.yaml-snakeyaml-1.17.jar:/intershop/lib/org.slf4j-slf4j-api-1.7.22.jar:/intershop/lib/com.netflix.eureka-eureka-client-1.6.1.jar:/intershop/lib/org.jgroups-jgroups-4.2.0.Final.jar:/intershop/lib/commons-lang-commons-lang-2.6.jar:/intershop/lib/org.apache.santuario-xmlsec-1.5.8.jar:/intershop/lib/de.huxhorn.lilith-de.huxhorn.lilith.sender-8.2.0.jar:/intershop/lib/com.fasterxml.jackson.core-jackson-core-2.9.10.jar:/intershop/lib/org.apache.tomcat-tomcat-jasper-el-9.0.19.jar:/intershop/lib/org.apache.woden-woden-core-1.0M10.jar:/intershop/lib/com.google.javascript-closure-compiler-unshaded-v20190709.jar:/intershop/lib/org.checkerframework-checker-compat-qual-2.0.0.jar:/intershop/lib/commons-collections-commons-collections-3.2.2.jar:/intershop/lib/javax.validation-validation-api-1.1.0.Final.jar:/intershop/project/libs/io.netty-netty-common-4.1.29.Final.jar:/intershop/project/libs/org.eclipse.jetty-jetty-http-9.4.0.v20161208.jar:/intershop/project/libs/org.apache.commons-commons-math3-3.6.1.jar:/intershop/project/libs/io.netty-netty-transport-4.1.29.Final.jar:/intershop/project/libs/org.eclipse.jetty-jetty-util-9.4.0.v20161208.jar:/intershop/project/libs/io.netty-netty-transport-native-unix-common-4.1.29.Final.jar:/intershop/project/libs/org.eclipse.jetty-jetty-alpn-client-9.4.19.v20190610.jar:/intershop/project/libs/io.netty-netty-transport-native-epoll-4.1.29.Final.jar:/intershop/project/libs/org.hamcrest-hamcrest-library-1.3.jar:/intershop/project/libs/org.eclipse.jetty-jetty-io-9.4.0.v20161208.jar:/intershop/project/libs/javax.xml.stream-stax-api-1.0-2.jar:/intershop/project/libs/org.eclipse.jetty.http2-http2-common-9.4.19.v20190610.jar:/intershop/project/libs/io.netty-netty-buffer-4.1.29.Final.jar:/intershop/project/libs/org.eclipse.jetty-jetty-alpn-java-client-9.4.19.v20190610.jar:/intershop/project/libs/org.eclipse.jetty.http2-http2-client-9.4.19.v20190610.jar:/intershop/project/libs/org.junit.vintage-junit-vintage-engine-5.4.0.jar:/intershop/project/libs/org.apache.zookeeper-zookeeper-jute-3.5.5.jar:/intershop/project/libs/io.netty-netty-handler-4.1.29.Final.jar:/intershop/project/libs/org.apache.solr-solr-solrj-8.4.1.jar:/intershop/project/libs/org.eclipse.jetty-jetty-client-9.4.19.v20190610.jar:/intershop/project/libs/org.apache.httpcomponents-httpmime-4.5.6.jar:/intershop/project/libs/io.netty-netty-resolver-4.1.29.Final.jar:/intershop/project/libs/io.netty-netty-codec-4.1.29.Final.jar:/intershop/project/libs/org.eclipse.jetty.http2-http2-http-client-transport-9.4.19.v20190610.jar:/intershop/project/libs/org.eclipse.jetty.http2-http2-hpack-9.4.19.v20190610.jar:/intershop/project/libs/org.apache.zookeeper-zookeeper-3.5.5.jar:/intershop/project/extraCartridges/libs/org.hamcrest-hamcrest-library-1.3.jar:/intershop/project/extraCartridges/libs/org.junit.vintage-junit-vintage-engine-5.4.0.jar:/intershop/project/extraCartridges/pf_unit_test/release/lib/pf_unit_test-7.11.0.0-dev11.jar:/intershop/project/extraCartridges/libs/release/lib/*:/intershop/project/extraCartridges/pf_objectgraph_test/release/lib/pf_objectgraph_test-7.11.0.0-dev11.jar:/intershop/project/extraCartridges/etest/release/lib/etest-7.11.0.0-dev11.jar:/intershop/project/cartridges/ac_solr_cloud_bo/target/libs/ac_solr_cloud_bo-2.0.0-ISTOOLS-5306-Gradle_update-SNAPSHOT.jar:/intershop/project/cartridges/ac_solr_cloud_bo/target/libs/ac_solr_cloud_bo-2.0.0-ISTOOLS-5306-Gradle_update-SNAPSHOT-sources.jar:/intershop/project/cartridges/ac_solr_cloud_bo/target/libs/ac_solr_cloud_bo-2.0.0-ISTOOLS-5306-Gradle_update-SNAPSHOT-javadoc.jar:/intershop/project/cartridges/build/target/libs/*:/intershop/project/cartridges/ac_solr_cloud/target/libs/ac_solr_cloud-2.0.0-ISTOOLS-5306-Gradle_update-SNAPSHOT-javadoc.jar:/intershop/project/cartridges/ac_solr_cloud/target/libs/ac_solr_cloud-2.0.0-ISTOOLS-5306-Gradle_update-SNAPSHOT-sources.jar:/intershop/project/cartridges/ac_solr_cloud/target/libs/ac_solr_cloud-2.0.0-ISTOOLS-5306-Gradle_update-SNAPSHOT.jar:/intershop/project/cartridges/gradle/target/libs/*:/intershop/project/cartridges/ac_solr_cloud_test/target/libs/ac_solr_cloud_test-2.0.0-ISTOOLS-5306-Gradle_update-SNAPSHOT.jar:/intershop/project/cartridges/config/target/libs/*:/intershop/project/cartridges/ac_solr_cloud_bo/build/libs/*:/intershop/project/cartridges/build/build/libs/*:/intershop/project/cartridges/ac_solr_cloud/build/libs/*:/intershop/project/cartridges/gradle/build/libs/*:/intershop/project/cartridges/ac_solr_cloud_test/build/libs/*:/intershop/project/cartridges/config/build/libs/*:/intershop/cartridges/bc_punchout_orm/release/lib/bc_punchout_orm-7.11.0.0-dev11.jar:/intershop/cartridges/as_contactcenter/release/lib/as_contactcenter-7.11.0.0-dev11.jar:/intershop/cartridges/app_bo_catalog/release/lib/app_bo_catalog-7.11.0.0-dev11.jar:/intershop/cartridges/orm_oracle/release/lib/orm_oracle-7.11.0.0-dev11.jar:/intershop/cartridges/bc_quote_orm/release/lib/bc_quote_orm-7.11.0.0-dev11.jar:/intershop/cartridges/sld_preview/release/lib/sld_preview-7.11.0.0-dev11.jar:/intershop/cartridges/bc_product_rating/release/lib/bc_product_rating-7.11.0.0-dev11.jar:/intershop/cartridges/sld_ch_b2c_image/release/lib/sld_ch_b2c_image-7.11.0.0-dev11.jar:/intershop/cartridges/bc_transport_azure/release/lib/bc_transport_azure-7.11.0.0-dev11.jar:/intershop/cartridges/bc_order_service/release/lib/bc_order_service-7.11.0.0-dev11.jar:/intershop/cartridges/bc_basket/release/lib/bc_basket-7.11.0.0-dev11.jar:/intershop/cartridges/init_contactcenter/release/lib/init_contactcenter-7.11.0.0-dev11.jar:/intershop/cartridges/bc_productbinding/release/lib/bc_productbinding-7.11.0.0-dev11.jar:/intershop/cartridges/ac_mail/release/lib/ac_mail-7.11.0.0-dev11.jar:/intershop/cartridges/dev_lilith/release/lib/dev_lilith-7.11.0.0-dev11.jar:/intershop/cartridges/monitor/release/lib/monitor-7.11.0.0-dev11.jar:/intershop/cartridges/pmc_rest/release/lib/pmc_rest-7.11.0.0-dev11.jar:/intershop/cartridges/bc_budget_orm/release/lib/bc_budget_orm-7.11.0.0-dev11.jar:/intershop/cartridges/orm_mssql/release/lib/orm_mssql-7.11.0.0-dev11.jar:/intershop/cartridges/bc_shipping/release/lib/bc_shipping-7.11.0.0-dev11.jar:/intershop/cartridges/bc_giftcard/release/lib/bc_giftcard-7.11.0.0-dev11.jar:/intershop/cartridges/bc_abtest/release/lib/bc_abtest-7.11.0.0-dev11.jar:/intershop/cartridges/bc_profanitycheck/release/lib/bc_profanitycheck-7.11.0.0-dev11.jar:/intershop/cartridges/orm/release/lib/orm-7.11.0.0-dev11.jar:/intershop/cartridges/bc_contract_orm/release/lib/bc_contract_orm-7.11.0.0-dev11.jar:/intershop/cartridges/bc_rating/release/lib/bc_rating-7.11.0.0-dev11.jar:/intershop/cartridges/bc_basket_orm/release/lib/bc_basket_orm-7.11.0.0-dev11.jar:/intershop/cartridges/bc_pmc_validation/release/lib/bc_pmc_validation-7.11.0.0-dev11.jar:/intershop/cartridges/bc_transport_orm/release/lib/bc_transport_orm-7.11.0.0-dev11.jar:/intershop/cartridges/sld_ch_consumer_plugin/release/lib/sld_ch_consumer_plugin-7.11.0.0-dev11.jar:/intershop/cartridges/bc_mail/release/lib/bc_mail-7.11.0.0-dev11.jar:/intershop/cartridges/bc_repository/release/lib/bc_repository-7.11.0.0-dev11.jar:/intershop/cartridges/app_sf_contactcenter_rest/release/lib/app_sf_contactcenter_rest-7.11.0.0-dev11.jar:/intershop/cartridges/pf_objectgraph/release/lib/pf_objectgraph-7.11.0.0-dev11.jar:/intershop/cartridges/bc_gdpr/release/lib/bc_gdpr-7.11.0.0-dev11.jar:/intershop/cartridges/app_bo_contactcenter_cobrowsing/release/lib/app_bo_contactcenter_cobrowsing-7.11.0.0-dev11.jar:/intershop/cartridges/businessobject/release/lib/businessobject-7.11.0.0-dev11.jar:/intershop/cartridges/bc_product_validation/release/lib/bc_product_validation-7.11.0.0-dev11.jar:/intershop/cartridges/bc_product_configuration/release/lib/bc_product_configuration-7.11.0.0-dev11.jar:/intershop/cartridges/bc_service/release/lib/bc_service-7.11.0.0-dev11.jar:/intershop/cartridges/bc_order_orm/release/lib/bc_order_orm-7.11.0.0-dev11.jar:/intershop/cartridges/bc_organization/release/lib/bc_organization-7.11.0.0-dev11.jar:/intershop/cartridges/bc_processchain/release/lib/bc_processchain-7.11.0.0-dev11.jar:/intershop/cartridges/emf/release/lib/emf-7.11.0.0-dev11.jar:/intershop/cartridges/ac_eureka/release/lib/jersey-client-1.19.jar:/intershop/cartridges/ac_eureka/release/lib/ac_eureka-7.11.0.0-dev11.jar:/intershop/cartridges/bc_user/release/lib/bc_user-7.11.0.0-dev11.jar:/intershop/cartridges/init_operations/release/lib/init_operations-7.11.0.0-dev11.jar:/intershop/cartridges/bc_product_orm/release/lib/bc_product_orm-7.11.0.0-dev11.jar:/intershop/cartridges/app_sf_rest_configuration/release/lib/app_sf_rest_configuration-7.11.0.0-dev11.jar:/intershop/cartridges/bc_product_pricing/release/lib/bc_product_pricing-7.11.0.0-dev11.jar:/intershop/cartridges/app_sf_rest_smb/release/lib/app_sf_rest_smb-7.11.0.0-dev11.jar:/intershop/cartridges/sld_ch_b2c_base/release/lib/sld_ch_b2c_base-7.11.0.0-dev11.jar:/intershop/cartridges/ac_productprice_service/release/lib/ac_productprice_service-7.11.0.0-dev11.jar:/intershop/cartridges/ac_giftcard_std/release/lib/ac_giftcard_std-7.11.0.0-dev11.jar:/intershop/cartridges/bc_costobject/release/lib/bc_costobject-7.11.0.0-dev11.jar:/intershop/cartridges/migration/release/lib/migration-7.11.0.0-dev11.jar:/intershop/cartridges/pf_property/release/lib/pf_property-7.11.0.0-dev11.jar:/intershop/cartridges/cache/release/lib/cache-7.11.0.0-dev11.jar:/intershop/cartridges/pf_prepare/release/lib/pf_prepare-7.11.0.0-dev11.jar:/intershop/cartridges/bc_transport/release/lib/bc_transport-7.11.0.0-dev11.jar:/intershop/cartridges/bts/release/lib/bts-7.11.0.0-dev11.jar:/intershop/cartridges/bc_requisition/release/lib/bc_requisition-7.11.0.0-dev11.jar:/intershop/cartridges/bc_catalog/release/lib/bc_catalog-7.11.0.0-dev11.jar:/intershop/cartridges/sld_mcm/release/lib/sld_mcm-7.11.0.0-dev11.jar:/intershop/cartridges/app/release/lib/app-7.11.0.0-dev11.jar:/intershop/cartridges/btc/release/lib/btc-7.11.0.0-dev11.jar:/intershop/cartridges/bc_customer_catalog_filter/release/lib/bc_customer_catalog_filter-7.11.0.0-dev11.jar:/intershop/cartridges/app_bo_gdpr/release/lib/app_bo_gdpr-7.11.0.0-dev11.jar:/intershop/cartridges/app_bo_transport/release/lib/app_bo_transport-7.11.0.0-dev11.jar:/intershop/cartridges/bc_product_pricing_orm/release/lib/bc_product_pricing_orm-7.11.0.0-dev11.jar:/intershop/cartridges/jmx/release/lib/jmx-7.11.0.0-dev11.jar:/intershop/cartridges/bc_b2b/release/lib/bc_b2b-7.11.0.0-dev11.jar:/intershop/cartridges/bc_order_approval/release/lib/bc_order_approval-7.11.0.0-dev11.jar:/intershop/cartridges/init_b2b/release/lib/init_b2b-7.11.0.0-dev11.jar:/intershop/cartridges/bc_customer_catalog_filter_orm/release/lib/bc_customer_catalog_filter_orm-7.11.0.0-dev11.jar:/intershop/cartridges/xcs/release/lib/xcs-7.11.0.0-dev11.jar:/intershop/cartridges/ac_keycloak_smc/release/lib/ac_keycloak_smc-7.11.0.0-dev11.jar:/intershop/cartridges/bc_order_impex/release/lib/bc_order_impex-7.11.0.0-dev11.jar:/intershop/cartridges/bc_promotion/release/lib/bc_promotion-7.11.0.0-dev11.jar:/intershop/cartridges/bc_search/release/lib/bc_search-7.11.0.0-dev11.jar:/intershop/cartridges/runtime/release/lib/runtime-7.11.0.0-dev11.jar:/intershop/cartridges/runtime/release/lib/ish-runtime.jar:/intershop/cartridges/ac_payment_std/release/lib/ac_payment_std-7.11.0.0-dev11.jar:/intershop/cartridges/app_sf_rest_country/release/lib/app_sf_rest_country-7.11.0.0-dev11.jar:/intershop/cartridges/bc_quote/release/lib/bc_quote-7.11.0.0-dev11.jar:/intershop/cartridges/ac_captcha_recaptcha/release/lib/ac_captcha_recaptcha-7.11.0.0-dev11.jar:/intershop/cartridges/app_sf_rest_basket/release/lib/app_sf_rest_basket-7.11.0.0-dev11.jar:/intershop/cartridges/pf_axis2/release/lib/pf_axis2-7.11.0.0-dev11.jar:/intershop/cartridges/pf_axis2/release/lib/axis2-jaxws-1.7.7.jar:/intershop/cartridges/pf_axis2/release/lib/xmltooling-1.4.6.jar:/intershop/cartridges/pf_axis2/release/lib/axiom-impl-1.2.20.jar:/intershop/cartridges/pf_axis2/release/lib/axiom-dom-1.2.20.jar:/intershop/cartridges/bc_marketing_impex/release/lib/bc_marketing_impex-7.11.0.0-dev11.jar:/intershop/cartridges/bc_customer_segment/release/lib/bc_customer_segment-7.11.0.0-dev11.jar:/intershop/cartridges/bc_giftpackaging/release/lib/bc_giftpackaging-7.11.0.0-dev11.jar:/intershop/cartridges/bc_customer_orm/release/lib/bc_customer_orm-7.11.0.0-dev11.jar:/intershop/cartridges/bc_wishlist_orm/release/lib/bc_wishlist_orm-7.11.0.0-dev11.jar:/intershop/cartridges/bc_store_orm/release/lib/bc_store_orm-7.11.0.0-dev11.jar:/intershop/cartridges/core/release/lib/core-7.11.0.0-dev11.jar:/intershop/cartridges/core/release/lib/logback-default-config.jar:/intershop/cartridges/bc_budget/release/lib/bc_budget-7.11.0.0-dev11.jar:/intershop/cartridges/startup/release/lib/startup-7.11.0.0-dev11.jar:/intershop/cartridges/startup/release/lib/startup.jar:/intershop/cartridges/app_sf_rest_b2b/release/lib/app_sf_rest_b2b-7.11.0.0-dev11.jar:/intershop/cartridges/bc_orderprocess/release/lib/bc_orderprocess-7.11.0.0-dev11.jar:/intershop/cartridges/bc_pmc_auditing/release/lib/bc_pmc_auditing-7.11.0.0-dev11.jar:/intershop/cartridges/bc_abtest_orm/release/lib/bc_abtest_orm-7.11.0.0-dev11.jar:/intershop/cartridges/ac_gtm/release/lib/ac_gtm-7.11.0.0-dev11.jar:/intershop/cartridges/as_system/release/lib/as_system-7.11.0.0-dev11.jar:/intershop/cartridges/ac_order_export_xml/release/lib/ac_order_export_xml-7.11.0.0-dev11.jar:/intershop/cartridges/bc_pmc/release/lib/bc_pmc-7.11.0.0-dev11.jar:/intershop/cartridges/bc_payment_orm/release/lib/bc_payment_orm-7.11.0.0-dev11.jar:/intershop/cartridges/ac_taxation_std/release/lib/ac_taxation_std-7.11.0.0-dev11.jar:/intershop/cartridges/bc_contract/release/lib/bc_contract-7.11.0.0-dev11.jar:/intershop/cartridges/bc_costcenter/release/lib/bc_costcenter-7.11.0.0-dev11.jar:/intershop/cartridges/sld_ch_base/release/lib/sld_ch_base-7.11.0.0-dev11.jar:/intershop/cartridges/bc_b2b_role_orm/release/lib/bc_b2b_role_orm-7.11.0.0-dev11.jar:/intershop/cartridges/pipeline/release/lib/pipeline-7.11.0.0-dev11.jar:/intershop/cartridges/servletengine/release/lib/servletengine-7.11.0.0-dev11.jar:/intershop/cartridges/bc_platform_rest/release/lib/bc_platform_rest-7.11.0.0-dev11.jar:/intershop/cartridges/configuration/release/lib/configuration-7.11.0.0-dev11.jar:/intershop/cartridges/bc_foundation/release/lib/bc_foundation-7.11.0.0-dev11.jar:/intershop/cartridges/bc_captcha/release/lib/bc_captcha-7.11.0.0-dev11.jar:/intershop/cartridges/ac_customer_segment_demo/release/lib/ac_customer_segment_demo-7.11.0.0-dev11.jar:/intershop/cartridges/bc_pdf/release/lib/bc_pdf-7.11.0.0-dev11.jar:/intershop/cartridges/as_backoffice/release/lib/as_backoffice-7.11.0.0-dev11.jar:/intershop/cartridges/bc_order_costobject_orm/release/lib/bc_order_costobject_orm-7.11.0.0-dev11.jar:/intershop/cartridges/tool_dbinit/release/lib/tool_dbinit.jar:/intershop/cartridges/tool_dbinit/release/lib/tool_dbinit-7.11.0.0-dev11.jar:/intershop/cartridges/bc_catalog_orm/release/lib/bc_catalog_orm-7.11.0.0-dev11.jar:/intershop/cartridges/bc_auditing_orm/release/lib/bc_auditing_orm-7.11.0.0-dev11.jar:/intershop/cartridges/sld_pdf/release/lib/sld_pdf-7.11.0.0-dev11.jar:/intershop/cartridges/isml/release/lib/isml-7.11.0.0-dev11.jar:/intershop/cartridges/app_sf_rest_b2b_basket/release/lib/app_sf_rest_b2b_basket-7.11.0.0-dev11.jar:/intershop/cartridges/pf_objectgraph_guice/release/lib/pf_objectgraph_guice-7.11.0.0-dev11.jar:/intershop/cartridges/ac_gtm_google_analytics/release/lib/ac_gtm_google_analytics-7.11.0.0-dev11.jar:/intershop/cartridges/ac_addresscheck_demo/release/lib/ac_addresscheck_demo-7.11.0.0-dev11.jar:/intershop/cartridges/ac_payment_demo/release/lib/ac_payment_demo-7.11.0.0-dev11.jar:/intershop/cartridges/ac_order_history_service/release/lib/ac_order_history_service-7.11.0.0-dev11.jar:/intershop/cartridges/report/release/lib/report-7.11.0.0-dev11.jar:/intershop/cartridges/ac_ruleengine_drools/release/lib/ac_ruleengine_drools-7.11.0.0-dev11.jar:/intershop/cartridges/bc_authorization/release/lib/bc_authorization-7.11.0.0-dev11.jar:/intershop/cartridges/bc_rma/release/lib/bc_rma-7.11.0.0-dev11.jar:/intershop/cartridges/pf_cartridge/release/lib/pf_cartridge-7.11.0.0-dev11.jar:/intershop/cartridges/rest/release/lib/rest-7.11.0.0-dev11.jar:/intershop/cartridges/ac_bmecat/release/lib/ac_bmecat-7.11.0.0-dev11.jar:/intershop/cartridges/bc_handler_chain/release/lib/bc_handler_chain-7.11.0.0-dev11.jar:/intershop/cartridges/ac_order_export_xml_b2b/release/lib/ac_order_export_xml_b2b-7.11.0.0-dev11.jar:/intershop/cartridges/bc_shipping_data/release/lib/bc_shipping_data-7.11.0.0-dev11.jar:/intershop/cartridges/bc_application/release/lib/bc_application-7.11.0.0-dev11.jar:/intershop/cartridges/sld_ch_sf_base/release/lib/sld_ch_sf_base-7.11.0.0-dev11.jar:/intershop/cartridges/ac_order_status_import_xml/release/lib/ac_order_status_import_xml-7.11.0.0-dev11.jar:/intershop/cartridges/bc_costobject_orm/release/lib/bc_costobject_orm-7.11.0.0-dev11.jar:/intershop/cartridges/bc_warranty/release/lib/bc_warranty-7.11.0.0-dev11.jar:/intershop/cartridges/sld_system_app/release/lib/sld_system_app-7.11.0.0-dev11.jar:/intershop/cartridges/sld_ch_partner_plugin/release/lib/sld_ch_partner_plugin-7.11.0.0-dev11.jar:/intershop/cartridges/bc_user_orm/release/lib/bc_user_orm-7.11.0.0-dev11.jar:/intershop/cartridges/bc_preview/release/lib/bc_preview-7.11.0.0-dev11.jar:/intershop/cartridges/app_sf_rest_order/release/lib/app_sf_rest_order-7.11.0.0-dev11.jar:/intershop/cartridges/bc_spreadsheet/release/lib/bc_spreadsheet-7.11.0.0-dev11.jar:/intershop/cartridges/bc_punchout/release/lib/bc_punchout-7.11.0.0-dev11.jar:/intershop/cartridges/bc_auditing/release/lib/bc_auditing-7.11.0.0-dev11.jar:/intershop/cartridges/bc_basket_service/release/lib/bc_basket_service-7.11.0.0-dev11.jar:/intershop/cartridges/bc_rating_orm/release/lib/bc_rating_orm-7.11.0.0-dev11.jar:/intershop/cartridges/wsrp/release/lib/wsrp-7.11.0.0-dev11.jar:/intershop/cartridges/bc_order_approval_orm/release/lib/bc_order_approval_orm-7.11.0.0-dev11.jar:/intershop/cartridges/smc/release/lib/smc-7.11.0.0-dev11.jar:/intershop/cartridges/ac_pdf_flyingsaucer/release/lib/ac_pdf_flyingsaucer-7.11.0.0-dev11.jar:/intershop/cartridges/bc_customer/release/lib/bc_customer-7.11.0.0-dev11.jar:/intershop/cartridges/bc_processchain_orm/release/lib/bc_processchain_orm-7.11.0.0-dev11.jar:/intershop/cartridges/ac_order_approval/release/lib/ac_order_approval-7.11.0.0-dev11.jar:/intershop/cartridges/app_bo_rest_job/release/lib/app_bo_rest_job-7.11.0.0-dev11.jar:/intershop/cartridges/bc_image/release/lib/bc_image-7.11.0.0-dev11.jar:/intershop/cartridges/bc_ruleengine/release/lib/bc_ruleengine-7.11.0.0-dev11.jar:/intershop/cartridges/component/release/lib/component-7.11.0.0-dev11.jar:/intershop/cartridges/ac_cxml/release/lib/ac_cxml-7.11.0.0-dev11.jar:/intershop/cartridges/bc_marketing/release/lib/bc_marketing-7.11.0.0-dev11.jar:/intershop/cartridges/ac_oci/release/lib/ac_oci-7.11.0.0-dev11.jar:/intershop/cartridges/bc_basket_service_b2b/release/lib/bc_basket_service_b2b-7.11.0.0-dev11.jar:/intershop/cartridges/bc_taxation/release/lib/bc_taxation-7.11.0.0-dev11.jar:/intershop/cartridges/bc_order/release/lib/bc_order-7.11.0.0-dev11.jar:/intershop/cartridges/as_backoffice_b2b/release/lib/as_backoffice_b2b-7.11.0.0-dev11.jar:/intershop/cartridges/ac_order_submission_service/release/lib/ac_order_submission_service-7.11.0.0-dev11.jar:/intershop/cartridges/app_sf_rest_recomm/release/lib/app_sf_rest_recomm-7.11.0.0-dev11.jar:/intershop/cartridges/app_sf_rest_common/release/lib/app_sf_rest_common-7.11.0.0-dev11.jar:/intershop/cartridges/app_bo_ch_sales_b2b/release/lib/app_bo_ch_sales_b2b-7.11.0.0-dev11.jar:/intershop/cartridges/bc_address/release/lib/bc_address-7.11.0.0-dev11.jar:/intershop/cartridges/ac_customer_segment_std/release/lib/ac_customer_segment_std-7.11.0.0-dev11.jar:/intershop/cartridges/ac_gtm_sf/release/lib/ac_gtm_sf-7.11.0.0-dev11.jar:/intershop/cartridges/bc_dashboard_orm/release/lib/bc_dashboard_orm-7.11.0.0-dev11.jar:/intershop/cartridges/ac_email_marketing_std/release/lib/ac_email_marketing_std-7.11.0.0-dev11.jar:/intershop/cartridges/sld_pmc/release/lib/sld_pmc-7.11.0.0-dev11.jar:/intershop/cartridges/bc_product/release/lib/bc_product-7.11.0.0-dev11.jar:/intershop/cartridges/bc_pricing/release/lib/bc_pricing-7.11.0.0-dev11.jar:/intershop/cartridges/bc_product_rating_orm/release/lib/bc_product_rating_orm-7.11.0.0-dev11.jar:/intershop/cartridges/bc_recommendation/release/lib/bc_recommendation-7.11.0.0-dev11.jar:/intershop/cartridges/bc_dashboard/release/lib/bc_dashboard-7.11.0.0-dev11.jar:/intershop/cartridges/bc_mvc/release/lib/bc_mvc-7.11.0.0-dev11.jar:/intershop/cartridges/bc_urlrewrite/release/lib/bc_urlrewrite-7.11.0.0-dev11.jar:/intershop/cartridges/bc_wishlist/release/lib/bc_wishlist-7.11.0.0-dev11.jar:/intershop/cartridges/bc_region/release/lib/bc_region-7.11.0.0-dev11.jar:/intershop/cartridges/bc_approval/release/lib/bc_approval-7.11.0.0-dev11.jar:/intershop/cartridges/app_sf_rest_b2c/release/lib/app_sf_rest_b2c-7.11.0.0-dev11.jar:/intershop/cartridges/file/release/lib/file-7.11.0.0-dev11.jar:/intershop/cartridges/sld_enterprise_app/release/lib/sld_enterprise_app-7.11.0.0-dev11.jar:/intershop/cartridges/bc_i18n/release/lib/bc_i18n-7.11.0.0-dev11.jar:/intershop/cartridges/bc_addresscheck/release/lib/bc_addresscheck-7.11.0.0-dev11.jar:/intershop/cartridges/ac_inventory_service/release/lib/ac_inventory_service-7.11.0.0-dev11.jar:/intershop/cartridges/bc_preview_orm/release/lib/bc_preview_orm-7.11.0.0-dev11.jar:/intershop/cartridges/app_sf_rest_payment/release/lib/app_sf_rest_payment-7.11.0.0-dev11.jar:/intershop/cartridges/bc_validation/release/lib/bc_validation-7.11.0.0-dev11.jar:/intershop/cartridges/dev_organizationinfo/release/lib/dev_organizationinfo-7.11.0.0-dev11.jar:/intershop/cartridges/bc_tendering/release/lib/bc_tendering-7.11.0.0-dev11.jar:/intershop/cartridges/bc_store/release/lib/bc_store-7.11.0.0-dev11.jar:/intershop/cartridges/bc_b2b_role/release/lib/bc_b2b_role-7.11.0.0-dev11.jar:/intershop/cartridges/ac_prometheus/release/lib/ac_prometheus-7.11.0.0-dev11.jar:/intershop/cartridges/ac_keycloak/release/lib/ac_keycloak-7.11.0.0-dev11.jar:/intershop/cartridges/bc_address_orm/release/lib/bc_address_orm-7.11.0.0-dev11.jar:/intershop/cartridges/pf_extension/release/lib/pf_extension-7.11.0.0-dev11.jar:/intershop/cartridges/bc_payment_service/release/lib/bc_payment_service-7.11.0.0-dev11.jar:/intershop/cartridges/init_smc/release/lib/init_smc-7.11.0.0-dev11.jar:/intershop/cartridges/bc_approval_demo/release/lib/bc_approval_demo-7.11.0.0-dev11.jar:/intershop/cartridges/sld_ch_consumer_orderimport_es64/release/lib/sld_ch_consumer_orderimport_es64-7.11.0.0-dev11.jar:/intershop/cartridges/app_sf_rest/release/lib/app_sf_rest-7.11.0.0-dev11.jar:/intershop/cartridges/bc_payment/release/lib/bc_payment-7.11.0.0-dev11.jar:/intershop/cartridges/pf_kafka/release/lib/pf_kafka-7.11.0.0-dev11.jar:/intershop/cartridges/bc_costcenter_orm/release/lib/bc_costcenter_orm-7.11.0.0-dev11.jar:/intershop/cartridges/app_bo_dashboard/release/lib/app_bo_dashboard-7.11.0.0-dev11.jar:/intershop/cartridges/ui_web_library/release/lib/ui_web_library-7.11.0.0-dev11.jar:/intershop/cartridges/runtime/release/lib/ish-runtime.jar"/>
<property name="java.class.version" value="52.0"/>
<property name="java.endorsed.dirs" value="/opt/java/openjdk/jre/lib/endorsed"/>
<property name="java.ext.dirs" value="/opt/java/openjdk/jre/lib/ext:/usr/java/packages/lib/ext"/>
<property name="java.home" value="/opt/java/openjdk/jre"/>
<property name="java.io.tmpdir" value="/tmp"/>
<property name="java.library.path" value="/intershop/runtime-lib"/>
<property name="java.runtime.name" value="OpenJDK Runtime Environment"/>
<property name="java.runtime.version" value="1.8.0_242-b08"/>
<property name="java.specification.name" value="Java Platform API Specification"/>
<property name="java.specification.vendor" value="Oracle Corporation"/>
<property name="java.specification.version" value="1.8"/>
<property name="java.vendor" value="AdoptOpenJDK"/>
<property name="java.vendor.url" value="http://java.oracle.com/"/>
<property name="java.vendor.url.bug" value="http://bugreport.sun.com/bugreport/"/>
<property name="java.version" value="1.8.0_242"/>
<property name="java.vm.info" value="mixed mode"/>
<property name="java.vm.name" value="OpenJDK 64-Bit Server VM"/>
<property name="java.vm.specification.name" value="Java Virtual Machine Specification"/>
<property name="java.vm.specification.vendor" value="Oracle Corporation"/>
<property name="java.vm.specification.version" value="1.8"/>
<property name="java.vm.vendor" value="AdoptOpenJDK"/>
<property name="java.vm.version" value="25.242-b08"/>
<property name="jdk.tls.rejectClientInitiatedRenegotiation" value="true"/>
<property name="line.separator" value="&#xa;"/>
<property name="os.arch" value="amd64"/>
<property name="os.name" value="Linux"/>
<property name="os.version" value="4.18.0-147.8.1.el8_1.x86_64"/>
<property name="path.separator" value=":"/>
<property name="server.name" value="standalone"/>
<property name="sun.arch.data.model" value="64"/>
<property name="sun.boot.class.path" value="/opt/java/openjdk/jre/lib/resources.jar:/opt/java/openjdk/jre/lib/rt.jar:/opt/java/openjdk/jre/lib/sunrsasign.jar:/opt/java/openjdk/jre/lib/jsse.jar:/opt/java/openjdk/jre/lib/jce.jar:/opt/java/openjdk/jre/lib/charsets.jar:/opt/java/openjdk/jre/lib/jfr.jar:/opt/java/openjdk/jre/classes"/>
<property name="sun.boot.library.path" value="/opt/java/openjdk/jre/lib/amd64"/>
<property name="sun.cpu.endian" value="little"/>
<property name="sun.cpu.isalist" value=""/>
<property name="sun.io.unicode.encoding" value="UnicodeLittle"/>
<property name="sun.java.command" value="com.intershop.testrunner.IshTestrunner -o=/intershop/ishunitrunner/output/tests.embedded.com.intershop.adapter.search_solr.internal.SuiteSolrCloud -s=tests.embedded.com.intershop.adapter.search_solr.internal.SuiteSolrCloud"/>
<property name="sun.java.launcher" value="SUN_STANDARD"/>
<property name="sun.jnu.encoding" value="UTF-8"/>
<property name="sun.management.compiler" value="HotSpot 64-Bit Tiered Compilers"/>
<property name="sun.os.patch.level" value="unknown"/>
<property name="testMode" value="true"/>
<property name="user.country" value="US"/>
<property name="user.dir" value="/intershop"/>
<property name="user.home" value="/home/intershop"/>
<property name="user.language" value="en"/>
<property name="user.name" value="intershop"/>
<property name="user.timezone" value="GMT"/>
<property name="zookeeper.sasl.client" value="false"/>
</properties>
<testcase name="testH1ContentExtract" classname="tests.embedded.com.intershop.adapter.search_solr.internal.SolrContentIndexTypeTest" time="9.429">
<system-out><![CDATA[
unique-id: [engine:junit-vintage]/[runner:tests.embedded.com.intershop.adapter.search_solr.internal.SolrContentIndexTypeTest]/[test:testH1ContentExtract(tests.embedded.com.intershop.adapter.search_solr.internal.SolrContentIndexTypeTest)]
display-name: testH1ContentExtract
]]></system-out>
</testcase>
<testcase name="testInjectSolrIndexConfiguration" classname="tests.embedded.com.intershop.adapter.search_solr.internal.SolrIndexConfigurationTest" time="3.58">
<system-out><![CDATA[
unique-id: [engine:junit-vintage]/[runner:tests.embedded.com.intershop.adapter.search_solr.internal.SolrIndexConfigurationTest]/[test:testInjectSolrIndexConfiguration(tests.embedded.com.intershop.adapter.search_solr.internal.SolrIndexConfigurationTest)]
display-name: testInjectSolrIndexConfiguration
]]></system-out>
</testcase>
<system-out><![CDATA[
unique-id: [engine:junit-vintage]
display-name: JUnit Vintage
]]></system-out>
</testsuite>
